<?xml version="1.0" encoding="UTF-8"?>
<testsuite name="CalculatorTest" tests="2" skipped="0" failures="0" errors="0" timestamp="2020-02-25T12:38:08" hostname="admin1-ThinkCentre-M72e" time="0.002">
  <properties/>
  <testcase name="addTest" classname="CalculatorTest" time="0.002"/>
  <testcase name="multiplyTest" classname="CalculatorTest" time="0.0"/>
  <system-out><![CDATA[]]></system-out>
  <system-err><![CDATA[]]></system-err>
</testsuite>
